[2023-04-24 19:58:33] local.ERROR: No application encryption key has been specified. {"exception":"[object] (Illuminate\\Encryption\\MissingAppKeyException(code: 0): No application encryption key has been specified. at F:\\Setups\\xampp\\htdocs\\1- learningLaravel\\Self-Learning\\laravel with voyager\\vendor\\laravel\\framework\\src\\Illuminate\\Encryption\\EncryptionServiceProvider.php:79)
[stacktrace]
#0 F:\\Setups\\xampp\\htdocs\\1- learningLaravel\\Self-Learning\\laravel with voyager\\vendor\\laravel\\framework\\src\\Illuminate\\Support\\helpers.php(306): Illuminate\\Encryption\\EncryptionServiceProvider->Illuminate\\Encryption\\{closure}('')
#1 F:\\Setups\\xampp\\htdocs\\1- learningLaravel\\Self-Learning\\laravel with voyager\\vendor\\laravel\\framework\\src\\Illuminate\\Encryption\\EncryptionServiceProvider.php(81): tap('', Object(Closure))
#2 F:\\Setups\\xampp\\htdocs\\1- learningLaravel\\Self-Learning\\laravel with voyager\\vendor\\laravel\\framework\\src\\Illuminate\\Encryption\\EncryptionServiceProvider.php(60): Illuminate\\Encryption\\EncryptionServiceProvider->key(Array)
#3 F:\\Setups\\xampp\\htdocs\\1- learningLaravel\\Self-Learning\\laravel with voyager\\vendor\\laravel\\framework\\src\\Illuminate\\Encryption\\EncryptionServiceProvider.php(32): Illuminate\\Encryption\\EncryptionServiceProvider->parseKey(Array)
#4 F:\\Setups\\xampp\\htdocs\\1- learningLaravel\\Self-Learning\\laravel with voyager\\vendor\\laravel\\framework\\src\\Illuminate\\Container\\Container.php(885): Illuminate\\Encryption\\EncryptionServiceProvider->Illuminate\\Encryption\\{closure}(Object(Illuminate\\Foundation\\Application), Array)
#5 F:\\Setups\\xampp\\htdocs\\1- learningLaravel\\Self-Learning\\laravel with voyager\\vendor\\laravel\\framework\\src\\Illuminate\\Container\\Container.php(770): Illuminate\\Container\\Container->build(Object(Closure))
#6 F:\\Setups\\xampp\\htdocs\\1- learningLaravel\\Self-Learning\\laravel with voyager\\vendor\\laravel\\framework\\src\\Illuminate\\Foundation\\Application.php(856): Illuminate\\Container\\Container->resolve('encrypter', Array, true)
#7 F:\\Setups\\xampp\\htdocs\\1- learningLaravel\\Self-Learning\\laravel with voyager\\vendor\\laravel\\framework\\src\\Illuminate\\Container\\Container.php(706): Illuminate\\Foundation\\Application->resolve('encrypter', Array)
#8 F:\\Setups\\xampp\\htdocs\\1- learningLaravel\\Self-Learning\\laravel with voyager\\vendor\\laravel\\framework\\src\\Illuminate\\Foundation\\Application.php(841): Illuminate\\Container\\Container->make('encrypter', Array)
#9 F:\\Setups\\xampp\\htdocs\\1- learningLaravel\\Self-Learning\\laravel with voyager\\vendor\\laravel\\framework\\src\\Illuminate\\Container\\Container.php(1043): Illuminate\\Foundation\\Application->make('encrypter')
#10 F:\\Setups\\xampp\\htdocs\\1- learningLaravel\\Self-Learning\\laravel with voyager\\vendor\\laravel\\framework\\src\\Illuminate\\Container\\Container.php(959): Illuminate\\Container\\Container->resolveClass(Object(ReflectionParameter))
#11 F:\\Setups\\xampp\\htdocs\\1- learningLaravel\\Self-Learning\\laravel with voyager\\vendor\\laravel\\framework\\src\\Illuminate\\Container\\Container.php(920): Illuminate\\Container\\Container->resolveDependencies(Array)
#12 F:\\Setups\\xampp\\htdocs\\1- learningLaravel\\Self-Learning\\laravel with voyager\\vendor\\laravel\\framework\\src\\Illuminate\\Container\\Container.php(770): Illuminate\\Container\\Container->build('App\\\\Http\\\\Middle...')
#13 F:\\Setups\\xampp\\htdocs\\1- learningLaravel\\Self-Learning\\laravel with voyager\\vendor\\laravel\\framework\\src\\Illuminate\\Foundation\\Application.php(856): Illuminate\\Container\\Container->resolve('App\\\\Http\\\\Middle...', Array, true)
#14 F:\\Setups\\xampp\\htdocs\\1- learningLaravel\\Self-Learning\\laravel with voyager\\vendor\\laravel\\framework\\src\\Illuminate\\Container\\Container.php(706): Illuminate\\Foundation\\Application->resolve('App\\\\Http\\\\Middle...', Array)
#15 F:\\Setups\\xampp\\htdocs\\1- learningLaravel\\Self-Learning\\laravel with voyager\\vendor\\laravel\\framework\\src\\Illuminate\\Foundation\\Application.php(841): Illuminate\\Container\\Container->make('App\\\\Http\\\\Middle...', Array)
#16 F:\\Setups\\xampp\\htdocs\\1- learningLaravel\\Self-Learning\\laravel with voyager\\vendor\\laravel\\framework\\src\\Illuminate\\Pipeline\\Pipeline.php(169): Illuminate\\Foundation\\Application->make('App\\\\Http\\\\Middle...')
#17 F:\\Setups\\xampp\\htdocs\\1- learningLaravel\\Self-Learning\\laravel with voyager\\vendor\\laravel\\framework\\src\\Illuminate\\Pipeline\\Pipeline.php(116): Illuminate\\Pipeline\\Pipeline->Illuminate\\Pipeline\\{closure}(Object(Illuminate\\Http\\Request))
#18 F:\\Setups\\xampp\\htdocs\\1- learningLaravel\\Self-Learning\\laravel with voyager\\vendor\\laravel\\framework\\src\\Illuminate\\Routing\\Router.php(799): Illuminate\\Pipeline\\Pipeline->then(Object(Closure))
#19 F:\\Setups\\xampp\\htdocs\\1- learningLaravel\\Self-Learning\\laravel with voyager\\vendor\\laravel\\framework\\src\\Illuminate\\Routing\\Router.php(776): Illuminate\\Routing\\Router->runRouteWithinStack(Object(Illuminate\\Routing\\Route), Object(Illuminate\\Http\\Request))
#20 F:\\Setups\\xampp\\htdocs\\1- learningLaravel\\Self-Learning\\laravel with voyager\\vendor\\laravel\\framework\\src\\Illuminate\\Routing\\Router.php(740): Illuminate\\Routing\\Router->runRoute(Object(Illuminate\\Http\\Request), Object(Illuminate\\Routing\\Route))
#21 F:\\Setups\\xampp\\htdocs\\1- learningLaravel\\Self-Learning\\laravel with voyager\\vendor\\laravel\\framework\\src\\Illuminate\\Routing\\Router.php(729): Illuminate\\Routing\\Router->dispatchToRoute(Object(Illuminate\\Http\\Request))
#22 F:\\Setups\\xampp\\htdocs\\1- learningLaravel\\Self-Learning\\laravel with voyager\\vendor\\laravel\\framework\\src\\Illuminate\\Foundation\\Http\\Kernel.php(190): Illuminate\\Routing\\Router->dispatch(Object(Illuminate\\Http\\Request))
#23 F:\\Setups\\xampp\\htdocs\\1- learningLaravel\\Self-Learning\\laravel with voyager\\vendor\\laravel\\framework\\src\\Illuminate\\Pipeline\\Pipeline.php(141): Illuminate\\Foundation\\Http\\Kernel->Illuminate\\Foundation\\Http\\{closure}(Object(Illuminate\\Http\\Request))
#24 F:\\Setups\\xampp\\htdocs\\1- learningLaravel\\Self-Learning\\laravel with voyager\\vendor\\laravel\\framework\\src\\Illuminate\\Foundation\\Http\\Middleware\\TransformsRequest.php(21): Illuminate\\Pipeline\\Pipeline->Illuminate\\Pipeline\\{closure}(Object(Illuminate\\Http\\Request))
#25 F:\\Setups\\xampp\\htdocs\\1- learningLaravel\\Self-Learning\\laravel with voyager\\vendor\\laravel\\framework\\src\\Illuminate\\Foundation\\Http\\Middleware\\ConvertEmptyStringsToNull.php(31): Illuminate\\Foundation\\Http\\Middleware\\TransformsRequest->handle(Object(Illuminate\\Http\\Request), Object(Closure))
#26 F:\\Setups\\xampp\\htdocs\\1- learningLaravel\\Self-Learning\\laravel with voyager\\vendor\\laravel\\framework\\src\\Illuminate\\Pipeline\\Pipeline.php(180): Illuminate\\Foundation\\Http\\Middleware\\ConvertEmptyStringsToNull->handle(Object(Illuminate\\Http\\Request), Object(Closure))
#27 F:\\Setups\\xampp\\htdocs\\1- learningLaravel\\Self-Learning\\laravel with voyager\\vendor\\laravel\\framework\\src\\Illuminate\\Foundation\\Http\\Middleware\\TransformsRequest.php(21): Illuminate\\Pipeline\\Pipeline->Illuminate\\Pipeline\\{closure}(Object(Illuminate\\Http\\Request))
#28 F:\\Setups\\xampp\\htdocs\\1- learningLaravel\\Self-Learning\\laravel with voyager\\vendor\\laravel\\framework\\src\\Illuminate\\Foundation\\Http\\Middleware\\TrimStrings.php(40): Illuminate\\Foundation\\Http\\Middleware\\TransformsRequest->handle(Object(Illuminate\\Http\\Request), Object(Closure))
#29 F:\\Setups\\xampp\\htdocs\\1- learningLaravel\\Self-Learning\\laravel with voyager\\vendor\\laravel\\framework\\src\\Illuminate\\Pipeline\\Pipeline.php(180): Illuminate\\Foundation\\Http\\Middleware\\TrimStrings->handle(Object(Illuminate\\Http\\Request), Object(Closure))
#30 F:\\Setups\\xampp\\htdocs\\1- learningLaravel\\Self-Learning\\laravel with voyager\\vendor\\laravel\\framework\\src\\Illuminate\\Foundation\\Http\\Middleware\\ValidatePostSize.php(27): Illuminate\\Pipeline\\Pipeline->Illuminate\\Pipeline\\{closure}(Object(Illuminate\\Http\\Request))
#31 F:\\Setups\\xampp\\htdocs\\1- learningLaravel\\Self-Learning\\laravel with voyager\\vendor\\laravel\\framework\\src\\Illuminate\\Pipeline\\Pipeline.php(180): Illuminate\\Foundation\\Http\\Middleware\\ValidatePostSize->handle(Object(Illuminate\\Http\\Request), Object(Closure))
#32 F:\\Setups\\xampp\\htdocs\\1- learningLaravel\\Self-Learning\\laravel with voyager\\vendor\\laravel\\framework\\src\\Illuminate\\Foundation\\Http\\Middleware\\PreventRequestsDuringMaintenance.php(86): Illuminate\\Pipeline\\Pipeline->Illuminate\\Pipeline\\{closure}(Object(Illuminate\\Http\\Request))
#33 F:\\Setups\\xampp\\htdocs\\1- learningLaravel\\Self-Learning\\laravel with voyager\\vendor\\laravel\\framework\\src\\Illuminate\\Pipeline\\Pipeline.php(180): Illuminate\\Foundation\\Http\\Middleware\\PreventRequestsDuringMaintenance->handle(Object(Illuminate\\Http\\Request), Object(Closure))
#34 F:\\Setups\\xampp\\htdocs\\1- learningLaravel\\Self-Learning\\laravel with voyager\\vendor\\fruitcake\\laravel-cors\\src\\HandleCors.php(38): Illuminate\\Pipeline\\Pipeline->Illuminate\\Pipeline\\{closure}(Object(Illuminate\\Http\\Request))
#35 F:\\Setups\\xampp\\htdocs\\1- learningLaravel\\Self-Learning\\laravel with voyager\\vendor\\laravel\\framework\\src\\Illuminate\\Pipeline\\Pipeline.php(180): Fruitcake\\Cors\\HandleCors->handle(Object(Illuminate\\Http\\Request), Object(Closure))
#36 F:\\Setups\\xampp\\htdocs\\1- learningLaravel\\Self-Learning\\laravel with voyager\\vendor\\laravel\\framework\\src\\Illuminate\\Http\\Middleware\\TrustProxies.php(39): Illuminate\\Pipeline\\Pipeline->Illuminate\\Pipeline\\{closure}(Object(Illuminate\\Http\\Request))
#37 F:\\Setups\\xampp\\htdocs\\1- learningLaravel\\Self-Learning\\laravel with voyager\\vendor\\laravel\\framework\\src\\Illuminate\\Pipeline\\Pipeline.php(180): Illuminate\\Http\\Middleware\\TrustProxies->handle(Object(Illuminate\\Http\\Request), Object(Closure))
#38 F:\\Setups\\xampp\\htdocs\\1- learningLaravel\\Self-Learning\\laravel with voyager\\vendor\\laravel\\framework\\src\\Illuminate\\Pipeline\\Pipeline.php(116): Illuminate\\Pipeline\\Pipeline->Illuminate\\Pipeline\\{closure}(Object(Illuminate\\Http\\Request))
#39 F:\\Setups\\xampp\\htdocs\\1- learningLaravel\\Self-Learning\\laravel with voyager\\vendor\\laravel\\framework\\src\\Illuminate\\Foundation\\Http\\Kernel.php(165): Illuminate\\Pipeline\\Pipeline->then(Object(Closure))
#40 F:\\Setups\\xampp\\htdocs\\1- learningLaravel\\Self-Learning\\laravel with voyager\\vendor\\laravel\\framework\\src\\Illuminate\\Foundation\\Http\\Kernel.php(134): Illuminate\\Foundation\\Http\\Kernel->sendRequestThroughRouter(Object(Illuminate\\Http\\Request))
#41 F:\\Setups\\xampp\\htdocs\\1- learningLaravel\\Self-Learning\\laravel with voyager\\public\\index.php(52): Illuminate\\Foundation\\Http\\Kernel->handle(Object(Illuminate\\Http\\Request))
#42 F:\\Setups\\xampp\\htdocs\\1- learningLaravel\\Self-Learning\\laravel with voyager\\vendor\\laravel\\framework\\src\\Illuminate\\Foundation\\resources\\server.php(16): require_once('F:\\\\Setups\\\\xampp...')
#43 {main}
"} 
[2023-04-24 19:58:34] local.ERROR: No application encryption key has been specified. {"exception":"[object] (Illuminate\\Encryption\\MissingAppKeyException(code: 0): No application encryption key has been specified. at F:\\Setups\\xampp\\htdocs\\1- learningLaravel\\Self-Learning\\laravel with voyager\\vendor\\laravel\\framework\\src\\Illuminate\\Encryption\\EncryptionServiceProvider.php:79)
[stacktrace]
#0 F:\\Setups\\xampp\\htdocs\\1- learningLaravel\\Self-Learning\\laravel with voyager\\vendor\\laravel\\framework\\src\\Illuminate\\Support\\helpers.php(306): Illuminate\\Encryption\\EncryptionServiceProvider->Illuminate\\Encryption\\{closure}('')
#1 F:\\Setups\\xampp\\htdocs\\1- learningLaravel\\Self-Learning\\laravel with voyager\\vendor\\laravel\\framework\\src\\Illuminate\\Encryption\\EncryptionServiceProvider.php(81): tap('', Object(Closure))
#2 F:\\Setups\\xampp\\htdocs\\1- learningLaravel\\Self-Learning\\laravel with voyager\\vendor\\laravel\\framework\\src\\Illuminate\\Encryption\\EncryptionServiceProvider.php(60): Illuminate\\Encryption\\EncryptionServiceProvider->key(Array)
#3 F:\\Setups\\xampp\\htdocs\\1- learningLaravel\\Self-Learning\\laravel with voyager\\vendor\\laravel\\framework\\src\\Illuminate\\Encryption\\EncryptionServiceProvider.php(32): Illuminate\\Encryption\\EncryptionServiceProvider->parseKey(Array)
#4 F:\\Setups\\xampp\\htdocs\\1- learningLaravel\\Self-Learning\\laravel with voyager\\vendor\\laravel\\framework\\src\\Illuminate\\Container\\Container.php(885): Illuminate\\Encryption\\EncryptionServiceProvider->Illuminate\\Encryption\\{closure}(Object(Illuminate\\Foundation\\Application), Array)
#5 F:\\Setups\\xampp\\htdocs\\1- learningLaravel\\Self-Learning\\laravel with voyager\\vendor\\laravel\\framework\\src\\Illuminate\\Container\\Container.php(770): Illuminate\\Container\\Container->build(Object(Closure))
#6 F:\\Setups\\xampp\\htdocs\\1- learningLaravel\\Self-Learning\\laravel with voyager\\vendor\\laravel\\framework\\src\\Illuminate\\Foundation\\Application.php(856): Illuminate\\Container\\Container->resolve('encrypter', Array, true)
#7 F:\\Setups\\xampp\\htdocs\\1- learningLaravel\\Self-Learning\\laravel with voyager\\vendor\\laravel\\framework\\src\\Illuminate\\Container\\Container.php(706): Illuminate\\Foundation\\Application->resolve('encrypter', Array)
#8 F:\\Setups\\xampp\\htdocs\\1- learningLaravel\\Self-Learning\\laravel with voyager\\vendor\\laravel\\framework\\src\\Illuminate\\Foundation\\Application.php(841): Illuminate\\Container\\Container->make('encrypter', Array)
#9 F:\\Setups\\xampp\\htdocs\\1- learningLaravel\\Self-Learning\\laravel with voyager\\vendor\\laravel\\framework\\src\\Illuminate\\Container\\Container.php(1043): Illuminate\\Foundation\\Application->make('encrypter')
#10 F:\\Setups\\xampp\\htdocs\\1- learningLaravel\\Self-Learning\\laravel with voyager\\vendor\\laravel\\framework\\src\\Illuminate\\Container\\Container.php(959): Illuminate\\Container\\Container->resolveClass(Object(ReflectionParameter))
#11 F:\\Setups\\xampp\\htdocs\\1- learningLaravel\\Self-Learning\\laravel with voyager\\vendor\\laravel\\framework\\src\\Illuminate\\Container\\Container.php(920): Illuminate\\Container\\Container->resolveDependencies(Array)
#12 F:\\Setups\\xampp\\htdocs\\1- learningLaravel\\Self-Learning\\laravel with voyager\\vendor\\laravel\\framework\\src\\Illuminate\\Container\\Container.php(770): Illuminate\\Container\\Container->build('App\\\\Http\\\\Middle...')
#13 F:\\Setups\\xampp\\htdocs\\1- learningLaravel\\Self-Learning\\laravel with voyager\\vendor\\laravel\\framework\\src\\Illuminate\\Foundation\\Application.php(856): Illuminate\\Container\\Container->resolve('App\\\\Http\\\\Middle...', Array, true)
#14 F:\\Setups\\xampp\\htdocs\\1- learningLaravel\\Self-Learning\\laravel with voyager\\vendor\\laravel\\framework\\src\\Illuminate\\Container\\Container.php(706): Illuminate\\Foundation\\Application->resolve('App\\\\Http\\\\Middle...', Array)
#15 F:\\Setups\\xampp\\htdocs\\1- learningLaravel\\Self-Learning\\laravel with voyager\\vendor\\laravel\\framework\\src\\Illuminate\\Foundation\\Application.php(841): Illuminate\\Container\\Container->make('App\\\\Http\\\\Middle...', Array)
#16 F:\\Setups\\xampp\\htdocs\\1- learningLaravel\\Self-Learning\\laravel with voyager\\vendor\\laravel\\framework\\src\\Illuminate\\Foundation\\Http\\Kernel.php(239): Illuminate\\Foundation\\Application->make('App\\\\Http\\\\Middle...')
#17 F:\\Setups\\xampp\\htdocs\\1- learningLaravel\\Self-Learning\\laravel with voyager\\vendor\\laravel\\framework\\src\\Illuminate\\Foundation\\Http\\Kernel.php(203): Illuminate\\Foundation\\Http\\Kernel->terminateMiddleware(Object(Illuminate\\Http\\Request), Object(Illuminate\\Http\\Response))
#18 F:\\Setups\\xampp\\htdocs\\1- learningLaravel\\Self-Learning\\laravel with voyager\\public\\index.php(55): Illuminate\\Foundation\\Http\\Kernel->terminate(Object(Illuminate\\Http\\Request), Object(Illuminate\\Http\\Response))
#19 F:\\Setups\\xampp\\htdocs\\1- learningLaravel\\Self-Learning\\laravel with voyager\\vendor\\laravel\\framework\\src\\Illuminate\\Foundation\\resources\\server.php(16): require_once('F:\\\\Setups\\\\xampp...')
#20 {main}
"} 
[2023-04-25 00:03:17] local.INFO: No database connection yet in VoyagerServiceProvider loadAuth(). No worries, this is not a problem!  
[2023-04-25 00:03:20] local.INFO: No database connection yet in VoyagerServiceProvider loadAuth(). No worries, this is not a problem!  
